#
# There is insufficient memory for the Java Runtime Environment to continue.
# Native memory allocation (malloc) failed to allocate 964496 bytes. Error detail: Chunk::new
# Possible reasons:
#   The system is out of physical RAM or swap space
#   This process is running with CompressedOops enabled, and the Java Heap may be blocking the growth of the native heap
# Possible solutions:
#   Reduce memory load on the system
#   Increase physical memory or swap space
#   Check if swap backing store is full
#   Decrease Java heap size (-Xmx/-Xms)
#   Decrease number of Java threads
#   Decrease Java thread stack sizes (-Xss)
#   Set larger code cache with -XX:ReservedCodeCacheSize=
#   JVM is running with Unscaled Compressed Oops mode in which the Java heap is
#     placed in the first 4GB address space. The Java Heap base address is the
#     maximum limit for the native heap growth. Please use -XX:HeapBaseMinAddress
#     to set the Java Heap base and to place the Java Heap above 4GB virtual address.
# This output file may be truncated or incomplete.
#
#  Out of Memory Error (arena.cpp:168), pid=17940, tid=3844
#
# JRE version: OpenJDK Runtime Environment Temurin-21.0.6+7 (21.0.6+7) (build 21.0.6+7-LTS)
# Java VM: OpenJDK 64-Bit Server VM Temurin-21.0.6+7 (21.0.6+7-LTS, mixed mode, sharing, tiered, compressed oops, compressed class ptrs, parallel gc, windows-amd64)
# No core dump will be written. Minidumps are not enabled by default on client versions of Windows
#

---------------  S U M M A R Y ------------

Command Line: --add-modules=ALL-SYSTEM --add-opens=java.base/java.util=ALL-UNNAMED --add-opens=java.base/java.lang=ALL-UNNAMED --add-opens=java.base/sun.nio.fs=ALL-UNNAMED -Declipse.application=org.eclipse.jdt.ls.core.id1 -Dosgi.bundles.defaultStartLevel=4 -Declipse.product=org.eclipse.jdt.ls.core.product -Djava.import.generatesMetadataFilesAtProjectRoot=false -DDetectVMInstallationsJob.disabled=true -Dfile.encoding=utf8 -XX:+UseParallelGC -XX:GCTimeRatio=4 -XX:AdaptiveSizePolicyWeight=90 -Dsun.zip.disableMemoryMapping=true -Xmx1G -Xms100m -Xlog:disable -javaagent:c:\Users\ysist\.vscode\extensions\redhat.java-1.41.0-win32-x64\lombok\lombok-1.18.36.jar -XX:+HeapDumpOnOutOfMemoryError -XX:HeapDumpPath=c:\Users\ysist\AppData\Roaming\Code\User\workspaceStorage\1dfd16546f1b050271c12372cff0b115\redhat.java -Daether.dependencyCollector.impl=bf c:\Users\ysist\.vscode\extensions\redhat.java-1.41.0-win32-x64\server\plugins\org.eclipse.equinox.launcher_1.6.1100.v20250306-0509.jar -configuration c:\Users\ysist\AppData\Roaming\Code\User\globalStorage\redhat.java\1.41.0\config_win -data c:\Users\ysist\AppData\Roaming\Code\User\workspaceStorage\1dfd16546f1b050271c12372cff0b115\redhat.java\jdt_ws --pipe=\\.\pipe\lsp-26f1d89b28cef0bfc8810118898ccd48-sock

Host: 12th Gen Intel(R) Core(TM) i3-1215U, 8 cores, 3G,  Windows 11 , 64 bit Build 26100 (10.0.26100.3323)
Time: Wed Apr  2 18:09:26 2025 Hora oficial do Brasil elapsed time: 133.026653 seconds (0d 0h 2m 13s)

---------------  T H R E A D  ---------------

Current thread (0x0000025ddc297770):  JavaThread "C2 CompilerThread0" daemon [_thread_in_native, id=3844, stack(0x000000d1e5a00000,0x000000d1e5b00000) (1024K)]


Current CompileTask:
C2:133026 9502 %s!   4       org.eclipse.jdt.internal.core.index.DiskIndex::readCategoryTable @ 260 (743 bytes)

Stack: [0x000000d1e5a00000,0x000000d1e5b00000]
Native frames: (J=compiled Java code, j=interpreted, Vv=VM code, C=native code)
V  [jvm.dll+0x6cdee9]
V  [jvm.dll+0x8a83d1]
V  [jvm.dll+0x8aa8fe]
V  [jvm.dll+0x8aafe3]
V  [jvm.dll+0x27f706]
V  [jvm.dll+0xc500d]
V  [jvm.dll+0xc5543]
V  [jvm.dll+0x3b6752]
V  [jvm.dll+0x1dfe13]
V  [jvm.dll+0x247b42]
V  [jvm.dll+0x246fcf]
V  [jvm.dll+0x1c75ee]
V  [jvm.dll+0x25685a]
V  [jvm.dll+0x254dfa]
V  [jvm.dll+0x3f0256]
V  [jvm.dll+0x851f8b]
V  [jvm.dll+0x6cc5ed]
C  [ucrtbase.dll+0x37b0]
C  [KERNEL32.DLL+0x2e8d7]
C  [ntdll.dll+0xbbf6c]


---------------  P R O C E S S  ---------------

Threads class SMR info:
_java_thread_list=0x0000025de4f21a40, length=67, elements={
0x0000025dc7ecbe60, 0x0000025ddc27cbb0, 0x0000025ddc2800c0, 0x0000025ddc282ae0,
0x0000025ddc284740, 0x0000025ddc2876a0, 0x0000025ddc28cbc0, 0x0000025ddc297770,
0x0000025ddc2a3660, 0x0000025dc7f3cf50, 0x0000025de2328c80, 0x0000025de26d30f0,
0x0000025de2b3b040, 0x0000025de24fd760, 0x0000025de2117500, 0x0000025de2ab3e20,
0x0000025de2f96a20, 0x0000025de265a760, 0x0000025de265b480, 0x0000025de265a0d0,
0x0000025de265bb10, 0x0000025de26593b0, 0x0000025de2659a40, 0x0000025de45a2320,
0x0000025de45a43f0, 0x0000025de45a3d60, 0x0000025de45a3040, 0x0000025de45a36d0,
0x0000025de45a4a80, 0x0000025de45a5110, 0x0000025de45a1c90, 0x0000025de45a57a0,
0x0000025de45a29b0, 0x0000025de45a5e30, 0x0000025de45a92b0, 0x0000025de45a71e0,
0x0000025de45a8c20, 0x0000025de45a7870, 0x0000025de45a6b50, 0x0000025de45a7f00,
0x0000025de265adf0, 0x0000025de5175ed0, 0x0000025de5175840, 0x0000025de5174b20,
0x0000025de51751b0, 0x0000025de5176560, 0x0000025de5173e00, 0x0000025de51730e0,
0x0000025de5174490, 0x0000025de5176bf0, 0x0000025de5177280, 0x0000025de517a070,
0x0000025de5177910, 0x0000025de51799e0, 0x0000025de517a700, 0x0000025de5177fa0,
0x0000025de5178630, 0x0000025de5179350, 0x0000025de542bd00, 0x0000025de542afe0,
0x0000025de542c390, 0x0000025de542b670, 0x0000025de5428f10, 0x0000025de542ca20,
0x0000025de54295a0, 0x0000025de542d0b0, 0x0000025de5429c30
}

Java Threads: ( => current thread )
  0x0000025dc7ecbe60 JavaThread "main"                              [_thread_blocked, id=18940, stack(0x000000d1e5000000,0x000000d1e5100000) (1024K)]
  0x0000025ddc27cbb0 JavaThread "Reference Handler"          daemon [_thread_blocked, id=15340, stack(0x000000d1e5400000,0x000000d1e5500000) (1024K)]
  0x0000025ddc2800c0 JavaThread "Finalizer"                  daemon [_thread_blocked, id=5664, stack(0x000000d1e5500000,0x000000d1e5600000) (1024K)]
  0x0000025ddc282ae0 JavaThread "Signal Dispatcher"          daemon [_thread_blocked, id=11476, stack(0x000000d1e5600000,0x000000d1e5700000) (1024K)]
  0x0000025ddc284740 JavaThread "Attach Listener"            daemon [_thread_blocked, id=6212, stack(0x000000d1e5700000,0x000000d1e5800000) (1024K)]
  0x0000025ddc2876a0 JavaThread "Service Thread"             daemon [_thread_blocked, id=20396, stack(0x000000d1e5800000,0x000000d1e5900000) (1024K)]
  0x0000025ddc28cbc0 JavaThread "Monitor Deflation Thread"   daemon [_thread_blocked, id=17092, stack(0x000000d1e5900000,0x000000d1e5a00000) (1024K)]
=>0x0000025ddc297770 JavaThread "C2 CompilerThread0"         daemon [_thread_in_native, id=3844, stack(0x000000d1e5a00000,0x000000d1e5b00000) (1024K)]
  0x0000025ddc2a3660 JavaThread "C1 CompilerThread0"         daemon [_thread_blocked, id=15184, stack(0x000000d1e5b00000,0x000000d1e5c00000) (1024K)]
  0x0000025dc7f3cf50 JavaThread "Common-Cleaner"             daemon [_thread_blocked, id=11128, stack(0x000000d1e5c00000,0x000000d1e5d00000) (1024K)]
  0x0000025de2328c80 JavaThread "Notification Thread"        daemon [_thread_blocked, id=7648, stack(0x000000d1e5d00000,0x000000d1e5e00000) (1024K)]
  0x0000025de26d30f0 JavaThread "Active Thread: Equinox Container: fd8a8e60-677c-4185-82a9-30b0cf3bdd83"        [_thread_blocked, id=1544, stack(0x000000d1e6400000,0x000000d1e6500000) (1024K)]
  0x0000025de2b3b040 JavaThread "Refresh Thread: Equinox Container: fd8a8e60-677c-4185-82a9-30b0cf3bdd83" daemon [_thread_blocked, id=14260, stack(0x000000d1e6500000,0x000000d1e6600000) (1024K)]
  0x0000025de24fd760 JavaThread "Framework Event Dispatcher: Equinox Container: fd8a8e60-677c-4185-82a9-30b0cf3bdd83" daemon [_thread_blocked, id=15428, stack(0x000000d1e6700000,0x000000d1e6800000) (1024K)]
  0x0000025de2117500 JavaThread "Start Level: Equinox Container: fd8a8e60-677c-4185-82a9-30b0cf3bdd83" daemon [_thread_blocked, id=10500, stack(0x000000d1e6800000,0x000000d1e6900000) (1024K)]
  0x0000025de2ab3e20 JavaThread "Bundle File Closer"         daemon [_thread_blocked, id=21988, stack(0x000000d1e6900000,0x000000d1e6a00000) (1024K)]
  0x0000025de2f96a20 JavaThread "SCR Component Actor"        daemon [_thread_blocked, id=9780, stack(0x000000d1e6a00000,0x000000d1e6b00000) (1024K)]
  0x0000025de265a760 JavaThread "Worker-JM"                         [_thread_blocked, id=21948, stack(0x000000d1e6c00000,0x000000d1e6d00000) (1024K)]
  0x0000025de265b480 JavaThread "JNA Cleaner"                daemon [_thread_blocked, id=12200, stack(0x000000d1e6d00000,0x000000d1e6e00000) (1024K)]
  0x0000025de265a0d0 JavaThread "Worker-0"                          [_thread_blocked, id=7428, stack(0x000000d1e6e00000,0x000000d1e6f00000) (1024K)]
  0x0000025de265bb10 JavaThread "Worker-1"                          [_thread_blocked, id=5252, stack(0x000000d1e6f00000,0x000000d1e7000000) (1024K)]
  0x0000025de26593b0 JavaThread "Worker-2"                          [_thread_blocked, id=18396, stack(0x000000d1e7100000,0x000000d1e7200000) (1024K)]
  0x0000025de2659a40 JavaThread "Worker-3"                          [_thread_blocked, id=9108, stack(0x000000d1e7200000,0x000000d1e7300000) (1024K)]
  0x0000025de45a2320 JavaThread "Worker-4"                          [_thread_blocked, id=20080, stack(0x000000d1e7500000,0x000000d1e7600000) (1024K)]
  0x0000025de45a43f0 JavaThread "Worker-5"                          [_thread_blocked, id=10672, stack(0x000000d1e7600000,0x000000d1e7700000) (1024K)]
  0x0000025de45a3d60 JavaThread "Thread-2"                   daemon [_thread_in_native, id=19636, stack(0x000000d1e7700000,0x000000d1e7800000) (1024K)]
  0x0000025de45a3040 JavaThread "Thread-3"                   daemon [_thread_in_native, id=22104, stack(0x000000d1e7800000,0x000000d1e7900000) (1024K)]
  0x0000025de45a36d0 JavaThread "Thread-4"                   daemon [_thread_in_native, id=19320, stack(0x000000d1e7900000,0x000000d1e7a00000) (1024K)]
  0x0000025de45a4a80 JavaThread "Thread-5"                   daemon [_thread_in_native, id=14364, stack(0x000000d1e7a00000,0x000000d1e7b00000) (1024K)]
  0x0000025de45a5110 JavaThread "Thread-6"                   daemon [_thread_in_native, id=9404, stack(0x000000d1e7b00000,0x000000d1e7c00000) (1024K)]
  0x0000025de45a1c90 JavaThread "Thread-7"                   daemon [_thread_in_native, id=15708, stack(0x000000d1e7c00000,0x000000d1e7d00000) (1024K)]
  0x0000025de45a57a0 JavaThread "Thread-8"                   daemon [_thread_in_native, id=1680, stack(0x000000d1e7d00000,0x000000d1e7e00000) (1024K)]
  0x0000025de45a29b0 JavaThread "Thread-9"                   daemon [_thread_in_native, id=15908, stack(0x000000d1e7e00000,0x000000d1e7f00000) (1024K)]
  0x0000025de45a5e30 JavaThread "Thread-10"                  daemon [_thread_in_native, id=11872, stack(0x000000d1e7f00000,0x000000d1e8000000) (1024K)]
  0x0000025de45a92b0 JavaThread "pool-2-thread-1"                   [_thread_blocked, id=1880, stack(0x000000d1e8000000,0x000000d1e8100000) (1024K)]
  0x0000025de45a71e0 JavaThread "WorkspaceEventsHandler"            [_thread_blocked, id=5628, stack(0x000000d1e8100000,0x000000d1e8200000) (1024K)]
  0x0000025de45a8c20 JavaThread "pool-1-thread-1"                   [_thread_blocked, id=10148, stack(0x000000d1e8200000,0x000000d1e8300000) (1024K)]
  0x0000025de45a7870 JavaThread "LocalFile Deleter"          daemon [_thread_blocked, id=19688, stack(0x000000d1e6b00000,0x000000d1e6c00000) (1024K)]
  0x0000025de45a6b50 JavaThread "LocalFile Deleter"          daemon [_thread_blocked, id=18752, stack(0x000000d1e8500000,0x000000d1e8600000) (1024K)]
  0x0000025de45a7f00 JavaThread "LocalFile Deleter"          daemon [_thread_blocked, id=2328, stack(0x000000d1e8700000,0x000000d1e8800000) (1024K)]
  0x0000025de265adf0 JavaThread "LocalFile Deleter"          daemon [_thread_blocked, id=18688, stack(0x000000d1e8800000,0x000000d1e8900000) (1024K)]
  0x0000025de5175ed0 JavaThread "LocalFile Deleter"          daemon [_thread_blocked, id=10652, stack(0x000000d1e8900000,0x000000d1e8a00000) (1024K)]
  0x0000025de5175840 JavaThread "LocalFile Deleter"          daemon [_thread_blocked, id=13032, stack(0x000000d1e8a00000,0x000000d1e8b00000) (1024K)]
  0x0000025de5174b20 JavaThread "LocalFile Deleter"          daemon [_thread_blocked, id=7208, stack(0x000000d1e8b00000,0x000000d1e8c00000) (1024K)]
  0x0000025de51751b0 JavaThread "Compiler Source File Reader" daemon [_thread_blocked, id=15144, stack(0x000000d1e8c00000,0x000000d1e8d00000) (1024K)]
  0x0000025de5176560 JavaThread "Compiler Source File Reader" daemon [_thread_blocked, id=8916, stack(0x000000d1e8d00000,0x000000d1e8e00000) (1024K)]
  0x0000025de5173e00 JavaThread "Compiler Source File Reader" daemon [_thread_blocked, id=2988, stack(0x000000d1e8e00000,0x000000d1e8f00000) (1024K)]
  0x0000025de51730e0 JavaThread "Compiler Source File Reader" daemon [_thread_blocked, id=15164, stack(0x000000d1e8f00000,0x000000d1e9000000) (1024K)]
  0x0000025de5174490 JavaThread "Compiler Source File Reader" daemon [_thread_blocked, id=12896, stack(0x000000d1e9000000,0x000000d1e9100000) (1024K)]
  0x0000025de5176bf0 JavaThread "Compiler Source File Reader" daemon [_thread_blocked, id=2560, stack(0x000000d1e9100000,0x000000d1e9200000) (1024K)]
  0x0000025de5177280 JavaThread "ForkJoinPool.commonPool-worker-1" daemon [_thread_blocked, id=520, stack(0x000000d1e9200000,0x000000d1e9300000) (1024K)]
  0x0000025de517a070 JavaThread "Compiler Class File Writer" daemon [_thread_blocked, id=22388, stack(0x000000d1e9400000,0x000000d1e9500000) (1024K)]
  0x0000025de5177910 JavaThread "Worker-6"                          [_thread_blocked, id=20112, stack(0x000000d1e9500000,0x000000d1e9600000) (1024K)]
  0x0000025de51799e0 JavaThread "Compiler Class File Writer" daemon [_thread_blocked, id=20116, stack(0x000000d1e9600000,0x000000d1e9700000) (1024K)]
  0x0000025de517a700 JavaThread "Compiler Class File Writer" daemon [_thread_blocked, id=20392, stack(0x000000d1e9700000,0x000000d1e9800000) (1024K)]
  0x0000025de5177fa0 JavaThread "Compiler Class File Writer" daemon [_thread_blocked, id=19228, stack(0x000000d1e9800000,0x000000d1e9900000) (1024K)]
  0x0000025de5178630 JavaThread "Compiler Class File Writer" daemon [_thread_blocked, id=22212, stack(0x000000d1e9900000,0x000000d1e9a00000) (1024K)]
  0x0000025de5179350 JavaThread "Compiler Class File Writer" daemon [_thread_blocked, id=20844, stack(0x000000d1e9a00000,0x000000d1e9b00000) (1024K)]
  0x0000025de542bd00 JavaThread "ForkJoinPool.commonPool-worker-2" daemon [_thread_blocked, id=14624, stack(0x000000d1e4d00000,0x000000d1e4e00000) (1024K)]
  0x0000025de542afe0 JavaThread "ForkJoinPool.commonPool-worker-3" daemon [_thread_blocked, id=17536, stack(0x000000d1e4e00000,0x000000d1e4f00000) (1024K)]
  0x0000025de542c390 JavaThread "ForkJoinPool.commonPool-worker-4" daemon [_thread_blocked, id=10656, stack(0x000000d1e4f00000,0x000000d1e5000000) (1024K)]
  0x0000025de542b670 JavaThread "ForkJoinPool.commonPool-worker-5" daemon [_thread_blocked, id=17004, stack(0x000000d1e8400000,0x000000d1e8500000) (1024K)]
  0x0000025de5428f10 JavaThread "ForkJoinPool.commonPool-worker-6" daemon [_thread_blocked, id=10876, stack(0x000000d1e9b00000,0x000000d1e9c00000) (1024K)]
  0x0000025de542ca20 JavaThread "ForkJoinPool.commonPool-worker-7" daemon [_thread_blocked, id=17880, stack(0x000000d1e9c00000,0x000000d1e9d00000) (1024K)]
  0x0000025de54295a0 JavaThread "pool-3-thread-1"                   [_thread_blocked, id=20048, stack(0x000000d1e8600000,0x000000d1e8700000) (1024K)]
  0x0000025de542d0b0 JavaThread "Framework stop - Equinox Container: fd8a8e60-677c-4185-82a9-30b0cf3bdd83"        [_thread_in_Java, id=22828, stack(0x000000d1e9300000,0x000000d1e9400000) (1024K)]
  0x0000025de5429c30 JavaThread "SCR Component Registry"     daemon [_thread_blocked, id=21728, stack(0x000000d1e9d00000,0x000000d1e9e00000) (1024K)]
Total: 67

Other Threads:
  0x0000025ddc2625f0 VMThread "VM Thread"                           [id=10716, stack(0x000000d1e5300000,0x000000d1e5400000) (1024K)]
  0x0000025ddc19ca00 WatcherThread "VM Periodic Task Thread"        [id=12084, stack(0x000000d1e5200000,0x000000d1e5300000) (1024K)]
  0x0000025dc7eeba60 WorkerThread "GC Thread#0"                     [id=22452, stack(0x000000d1e5100000,0x000000d1e5200000) (1024K)]
  0x0000025de2859850 WorkerThread "GC Thread#1"                     [id=14552, stack(0x000000d1e5e00000,0x000000d1e5f00000) (1024K)]
  0x0000025de2923a50 WorkerThread "GC Thread#2"                     [id=22232, stack(0x000000d1e5f00000,0x000000d1e6000000) (1024K)]
  0x0000025de2923df0 WorkerThread "GC Thread#3"                     [id=21188, stack(0x000000d1e6000000,0x000000d1e6100000) (1024K)]
  0x0000025de2924190 WorkerThread "GC Thread#4"                     [id=22876, stack(0x000000d1e6100000,0x000000d1e6200000) (1024K)]
  0x0000025de29bd860 WorkerThread "GC Thread#5"                     [id=14768, stack(0x000000d1e6200000,0x000000d1e6300000) (1024K)]
  0x0000025de29bdc00 WorkerThread "GC Thread#6"                     [id=21184, stack(0x000000d1e6300000,0x000000d1e6400000) (1024K)]
  0x0000025de2b69040 WorkerThread "GC Thread#7"                     [id=22432, stack(0x000000d1e6600000,0x000000d1e6700000) (1024K)]
Total: 10

Threads with active compile tasks:
C2 CompilerThread0  135116 9502 %s!   4       org.eclipse.jdt.internal.core.index.DiskIndex::readCategoryTable @ 260 (743 bytes)
Total: 1

VM state: not at safepoint (normal execution)

VM Mutex/Monitor currently owned by a thread: None

Heap address: 0x00000000c0000000, size: 1024 MB, Compressed Oops mode: 32-bit

CDS archive(s) mapped at: [0x0000025d80000000-0x0000025d80ba0000-0x0000025d80ba0000), size 12189696, SharedBaseAddress: 0x0000025d80000000, ArchiveRelocationMode: 1.
Compressed class space mapped at: 0x0000025d81000000-0x0000025dc1000000, reserved size: 1073741824
Narrow klass base: 0x0000025d80000000, Narrow klass shift: 0, Narrow klass range: 0x100000000

GC Precious Log:
 CardTable entry size: 512
 CPUs: 8 total, 8 available
 Memory: 3797M
 Large Page Support: Disabled
 NUMA Support: Disabled
 Compressed Oops: Enabled (32-bit)
 Alignments: Space 512K, Generation 512K, Heap 2M
 Heap Min Capacity: 100M
 Heap Initial Capacity: 100M
 Heap Max Capacity: 1G
 Pre-touch: Disabled
 Parallel Workers: 8

Heap:
 PSYoungGen      total 29184K, used 27237K [0x00000000eab00000, 0x00000000eea80000, 0x0000000100000000)
  eden space 7680K, 74% used [0x00000000eab00000,0x00000000eb09ac98,0x00000000eb280000)
  from space 21504K, 99% used [0x00000000eb280000,0x00000000ec77e968,0x00000000ec780000)
  to   space 28160K, 0% used [0x00000000ecf00000,0x00000000ecf00000,0x00000000eea80000)
 ParOldGen       total 294400K, used 294182K [0x00000000c0000000, 0x00000000d1f80000, 0x00000000eab00000)
  object space 294400K, 99% used [0x00000000c0000000,0x00000000d1f49800,0x00000000d1f80000)
 Metaspace       used 64589K, committed 65984K, reserved 1114112K
  class space    used 6777K, committed 7360K, reserved 1048576K

Card table byte_map: [0x0000025dc7870000,0x0000025dc7a80000] _byte_map_base: 0x0000025dc7270000

Marking Bits: (ParMarkBitMap*) 0x00007ffcf1b33260
 Begin Bits: [0x0000025dda0c0000, 0x0000025ddb0c0000)
 End Bits:   [0x0000025ddb0c0000, 0x0000025ddc0c0000)

Polling page: 0x0000025dc5c90000

Metaspace:

Usage:
  Non-class:     56.46 MB used.
      Class:      6.62 MB used.
       Both:     63.08 MB used.

Virtual space:
  Non-class space:       64.00 MB reserved,      57.25 MB ( 89%) committed,  1 nodes.
      Class space:        1.00 GB reserved,       7.19 MB ( <1%) committed,  1 nodes.
             Both:        1.06 GB reserved,      64.44 MB (  6%) committed. 

Chunk freelists:
   Non-Class:  5.91 MB
       Class:  8.87 MB
        Both:  14.78 MB

MaxMetaspaceSize: unlimited
CompressedClassSpaceSize: 1.00 GB
Initial GC threshold: 21.00 MB
Current GC threshold: 105.44 MB
CDS: on
 - commit_granule_bytes: 65536.
 - commit_granule_words: 8192.
 - virtual_space_node_default_size: 8388608.
 - enlarge_chunks_in_place: 1.
 - use_allocation_guard: 0.


Internal statistics:

num_allocs_failed_limit: 9.
num_arena_births: 966.
num_arena_deaths: 20.
num_vsnodes_births: 2.
num_vsnodes_deaths: 0.
num_space_committed: 1031.
num_space_uncommitted: 0.
num_chunks_returned_to_freelist: 30.
num_chunks_taken_from_freelist: 3761.
num_chunk_merges: 12.
num_chunk_splits: 2322.
num_chunks_enlarged: 1316.
num_inconsistent_stats: 0.

CodeHeap 'non-profiled nmethods': size=120000Kb used=4967Kb max_used=4967Kb free=115032Kb
 bounds [0x0000025dd2b90000, 0x0000025dd3070000, 0x0000025dda0c0000]
CodeHeap 'profiled nmethods': size=120000Kb used=16951Kb max_used=17802Kb free=103048Kb
 bounds [0x0000025dcb0c0000, 0x0000025dcc230000, 0x0000025dd25f0000]
CodeHeap 'non-nmethods': size=5760Kb used=1464Kb max_used=1522Kb free=4295Kb
 bounds [0x0000025dd25f0000, 0x0000025dd2860000, 0x0000025dd2b90000]
 total_blobs=8832 nmethods=8050 adapters=688
 compilation: enabled
              stopped_count=0, restarted_count=0
 full_count=0

Compilation events (20 events):
Event: 128.545 Thread 0x0000025ddc2a3660 nmethod 9515 0x0000025dcb3c1790 code [0x0000025dcb3c19c0, 0x0000025dcb3c20c8]
Event: 128.545 Thread 0x0000025ddc2a3660 9516       3       java.util.Formatter::<init> (18 bytes)
Event: 128.545 Thread 0x0000025ddc2a3660 nmethod 9516 0x0000025dcbabd790 code [0x0000025dcbabd960, 0x0000025dcbabdca8]
Event: 128.545 Thread 0x0000025ddc2a3660 9517       3       java.util.Formatter::toString (14 bytes)
Event: 128.545 Thread 0x0000025ddc2a3660 nmethod 9517 0x0000025dcbd3f710 code [0x0000025dcbd3f8e0, 0x0000025dcbd3fbc8]
Event: 128.545 Thread 0x0000025ddc2a3660 9518       3       java.util.Formatter::getDecimalFormatSymbols (32 bytes)
Event: 128.546 Thread 0x0000025ddc2a3660 nmethod 9518 0x0000025dcbcf1f10 code [0x0000025dcbcf20e0, 0x0000025dcbcf2330]
Event: 128.546 Thread 0x0000025ddc2a3660 9521       3       java.util.Formatter::parse (208 bytes)
Event: 128.945 Thread 0x0000025ddc2a3660 nmethod 9521 0x0000025dcbd6c390 code [0x0000025dcbd6c860, 0x0000025dcbd6f150]
Event: 128.946 Thread 0x0000025ddc2a3660 9522       3       java.util.Comparators$NaturalOrderComparator::compare (13 bytes)
Event: 128.946 Thread 0x0000025ddc2a3660 nmethod 9522 0x0000025dcbcb8a90 code [0x0000025dcbcb8c60, 0x0000025dcbcb90b0]
Event: 128.947 Thread 0x0000025ddc2a3660 9523       3       java.util.Comparators$NaturalOrderComparator::compare (8 bytes)
Event: 128.947 Thread 0x0000025ddc2a3660 nmethod 9523 0x0000025dcbf49b10 code [0x0000025dcbf49cc0, 0x0000025dcbf49ea0]
Event: 130.845 Thread 0x0000025ddc2a3660 9524       1       org.apache.felix.scr.impl.ComponentRegistry::access$300 (5 bytes)
Event: 130.846 Thread 0x0000025ddc2a3660 nmethod 9524 0x0000025dd3069a10 code [0x0000025dd3069ba0, 0x0000025dd3069c50]
Event: 130.998 Thread 0x0000025ddc2a3660 9525       3       org.eclipse.osgi.internal.log.ExtendedLogReaderServiceFactory::incrementNestedCount (17 bytes)
Event: 131.000 Thread 0x0000025ddc2a3660 nmethod 9525 0x0000025dcbe07010 code [0x0000025dcbe07200, 0x0000025dcbe07708]
Event: 131.000 Thread 0x0000025ddc2a3660 9526       3       org.eclipse.osgi.internal.log.ExtendedLogReaderServiceFactory::decrementNestedCount (21 bytes)
Event: 131.001 Thread 0x0000025ddc2a3660 nmethod 9526 0x0000025dcb6c8a90 code [0x0000025dcb6c8c80, 0x0000025dcb6c91f8]
Event: 131.008 Thread 0x0000025ddc2a3660 9528   !   3       org.eclipse.osgi.internal.serviceregistry.ServiceUse::lock (109 bytes)

GC Heap History (20 events):
Event: 89.382 GC heap before
{Heap before GC invocations=221 (full 4):
 PSYoungGen      total 13824K, used 13810K [0x00000000eab00000, 0x00000000ec780000, 0x0000000100000000)
  eden space 3072K, 100% used [0x00000000eab00000,0x00000000eae00000,0x00000000eae00000)
  from space 10752K, 99% used [0x00000000eae00000,0x00000000eb87c9a8,0x00000000eb880000)
  to   space 12800K, 0% used [0x00000000ebb00000,0x00000000ebb00000,0x00000000ec780000)
 ParOldGen       total 268800K, used 268629K [0x00000000c0000000, 0x00000000d0680000, 0x00000000eab00000)
  object space 268800K, 99% used [0x00000000c0000000,0x00000000d06557e8,0x00000000d0680000)
 Metaspace       used 64221K, committed 65536K, reserved 1114112K
  class space    used 6737K, committed 7296K, reserved 1048576K
}
Event: 89.389 GC heap after
{Heap after GC invocations=221 (full 4):
 PSYoungGen      total 14848K, used 10957K [0x00000000eab00000, 0x00000000ec600000, 0x0000000100000000)
  eden space 3584K, 0% used [0x00000000eab00000,0x00000000eab00000,0x00000000eae80000)
  from space 11264K, 97% used [0x00000000ebb00000,0x00000000ec5b3598,0x00000000ec600000)
  to   space 11776K, 0% used [0x00000000eaf00000,0x00000000eaf00000,0x00000000eba80000)
 ParOldGen       total 271360K, used 271002K [0x00000000c0000000, 0x00000000d0900000, 0x00000000eab00000)
  object space 271360K, 99% used [0x00000000c0000000,0x00000000d08a6a70,0x00000000d0900000)
 Metaspace       used 64221K, committed 65536K, reserved 1114112K
  class space    used 6737K, committed 7296K, reserved 1048576K
}
Event: 89.399 GC heap before
{Heap before GC invocations=222 (full 4):
 PSYoungGen      total 14848K, used 14541K [0x00000000eab00000, 0x00000000ec600000, 0x0000000100000000)
  eden space 3584K, 99% used [0x00000000eab00000,0x00000000eae7ffe8,0x00000000eae80000)
  from space 11264K, 97% used [0x00000000ebb00000,0x00000000ec5b3598,0x00000000ec600000)
  to   space 11776K, 0% used [0x00000000eaf00000,0x00000000eaf00000,0x00000000eba80000)
 ParOldGen       total 271360K, used 271002K [0x00000000c0000000, 0x00000000d0900000, 0x00000000eab00000)
  object space 271360K, 99% used [0x00000000c0000000,0x00000000d08a6a70,0x00000000d0900000)
 Metaspace       used 64228K, committed 65536K, reserved 1114112K
  class space    used 6739K, committed 7296K, reserved 1048576K
}
Event: 89.405 GC heap after
{Heap after GC invocations=222 (full 4):
 PSYoungGen      total 15872K, used 11745K [0x00000000eab00000, 0x00000000ecb00000, 0x0000000100000000)
  eden space 4096K, 0% used [0x00000000eab00000,0x00000000eab00000,0x00000000eaf00000)
  from space 11776K, 99% used [0x00000000eaf00000,0x00000000eba78528,0x00000000eba80000)
  to   space 14336K, 0% used [0x00000000ebd00000,0x00000000ebd00000,0x00000000ecb00000)
 ParOldGen       total 272896K, used 272786K [0x00000000c0000000, 0x00000000d0a80000, 0x00000000eab00000)
  object space 272896K, 99% used [0x00000000c0000000,0x00000000d0a64a70,0x00000000d0a80000)
 Metaspace       used 64228K, committed 65536K, reserved 1114112K
  class space    used 6739K, committed 7296K, reserved 1048576K
}
Event: 89.415 GC heap before
{Heap before GC invocations=223 (full 4):
 PSYoungGen      total 15872K, used 15841K [0x00000000eab00000, 0x00000000ecb00000, 0x0000000100000000)
  eden space 4096K, 100% used [0x00000000eab00000,0x00000000eaf00000,0x00000000eaf00000)
  from space 11776K, 99% used [0x00000000eaf00000,0x00000000eba78528,0x00000000eba80000)
  to   space 14336K, 0% used [0x00000000ebd00000,0x00000000ebd00000,0x00000000ecb00000)
 ParOldGen       total 272896K, used 272786K [0x00000000c0000000, 0x00000000d0a80000, 0x00000000eab00000)
  object space 272896K, 99% used [0x00000000c0000000,0x00000000d0a64a70,0x00000000d0a80000)
 Metaspace       used 64230K, committed 65536K, reserved 1114112K
  class space    used 6739K, committed 7296K, reserved 1048576K
}
Event: 89.446 GC heap after
{Heap after GC invocations=223 (full 4):
 PSYoungGen      total 18944K, used 13344K [0x00000000eab00000, 0x00000000ecb00000, 0x0000000100000000)
  eden space 4608K, 0% used [0x00000000eab00000,0x00000000eab00000,0x00000000eaf80000)
  from space 14336K, 93% used [0x00000000ebd00000,0x00000000eca08020,0x00000000ecb00000)
  to   space 13824K, 0% used [0x00000000eaf80000,0x00000000eaf80000,0x00000000ebd00000)
 ParOldGen       total 274944K, used 274443K [0x00000000c0000000, 0x00000000d0c80000, 0x00000000eab00000)
  object space 274944K, 99% used [0x00000000c0000000,0x00000000d0c02f78,0x00000000d0c80000)
 Metaspace       used 64230K, committed 65536K, reserved 1114112K
  class space    used 6739K, committed 7296K, reserved 1048576K
}
Event: 89.480 GC heap before
{Heap before GC invocations=224 (full 4):
 PSYoungGen      total 18944K, used 17952K [0x00000000eab00000, 0x00000000ecb00000, 0x0000000100000000)
  eden space 4608K, 100% used [0x00000000eab00000,0x00000000eaf80000,0x00000000eaf80000)
  from space 14336K, 93% used [0x00000000ebd00000,0x00000000eca08020,0x00000000ecb00000)
  to   space 13824K, 0% used [0x00000000eaf80000,0x00000000eaf80000,0x00000000ebd00000)
 ParOldGen       total 274944K, used 274443K [0x00000000c0000000, 0x00000000d0c80000, 0x00000000eab00000)
  object space 274944K, 99% used [0x00000000c0000000,0x00000000d0c02f78,0x00000000d0c80000)
 Metaspace       used 64242K, committed 65536K, reserved 1114112K
  class space    used 6740K, committed 7296K, reserved 1048576K
}
Event: 89.494 GC heap after
{Heap after GC invocations=224 (full 4):
 PSYoungGen      total 18432K, used 13792K [0x00000000eab00000, 0x00000000ed200000, 0x0000000100000000)
  eden space 4608K, 0% used [0x00000000eab00000,0x00000000eab00000,0x00000000eaf80000)
  from space 13824K, 99% used [0x00000000eaf80000,0x00000000ebcf8020,0x00000000ebd00000)
  to   space 17408K, 0% used [0x00000000ec100000,0x00000000ec100000,0x00000000ed200000)
 ParOldGen       total 277504K, used 277411K [0x00000000c0000000, 0x00000000d0f00000, 0x00000000eab00000)
  object space 277504K, 99% used [0x00000000c0000000,0x00000000d0ee8f78,0x00000000d0f00000)
 Metaspace       used 64242K, committed 65536K, reserved 1114112K
  class space    used 6740K, committed 7296K, reserved 1048576K
}
Event: 89.525 GC heap before
{Heap before GC invocations=225 (full 4):
 PSYoungGen      total 18432K, used 18400K [0x00000000eab00000, 0x00000000ed200000, 0x0000000100000000)
  eden space 4608K, 100% used [0x00000000eab00000,0x00000000eaf80000,0x00000000eaf80000)
  from space 13824K, 99% used [0x00000000eaf80000,0x00000000ebcf8020,0x00000000ebd00000)
  to   space 17408K, 0% used [0x00000000ec100000,0x00000000ec100000,0x00000000ed200000)
 ParOldGen       total 277504K, used 277411K [0x00000000c0000000, 0x00000000d0f00000, 0x00000000eab00000)
  object space 277504K, 99% used [0x00000000c0000000,0x00000000d0ee8f78,0x00000000d0f00000)
 Metaspace       used 64248K, committed 65536K, reserved 1114112K
  class space    used 6741K, committed 7296K, reserved 1048576K
}
Event: 89.577 GC heap after
{Heap after GC invocations=225 (full 4):
 PSYoungGen      total 22016K, used 17312K [0x00000000eab00000, 0x00000000ed380000, 0x0000000100000000)
  eden space 4608K, 0% used [0x00000000eab00000,0x00000000eab00000,0x00000000eaf80000)
  from space 17408K, 99% used [0x00000000ec100000,0x00000000ed1e8020,0x00000000ed200000)
  to   space 17920K, 0% used [0x00000000eaf80000,0x00000000eaf80000,0x00000000ec100000)
 ParOldGen       total 277504K, used 277451K [0x00000000c0000000, 0x00000000d0f00000, 0x00000000eab00000)
  object space 277504K, 99% used [0x00000000c0000000,0x00000000d0ef2f78,0x00000000d0f00000)
 Metaspace       used 64248K, committed 65536K, reserved 1114112K
  class space    used 6741K, committed 7296K, reserved 1048576K
}
Event: 89.589 GC heap before
{Heap before GC invocations=226 (full 4):
 PSYoungGen      total 22016K, used 21920K [0x00000000eab00000, 0x00000000ed380000, 0x0000000100000000)
  eden space 4608K, 100% used [0x00000000eab00000,0x00000000eaf80000,0x00000000eaf80000)
  from space 17408K, 99% used [0x00000000ec100000,0x00000000ed1e8020,0x00000000ed200000)
  to   space 17920K, 0% used [0x00000000eaf80000,0x00000000eaf80000,0x00000000ec100000)
 ParOldGen       total 277504K, used 277451K [0x00000000c0000000, 0x00000000d0f00000, 0x00000000eab00000)
  object space 277504K, 99% used [0x00000000c0000000,0x00000000d0ef2f78,0x00000000d0f00000)
 Metaspace       used 64261K, committed 65600K, reserved 1114112K
  class space    used 6744K, committed 7296K, reserved 1048576K
}
Event: 89.601 GC heap after
{Heap after GC invocations=226 (full 4):
 PSYoungGen      total 22528K, used 17920K [0x00000000eab00000, 0x00000000eda80000, 0x0000000100000000)
  eden space 4608K, 0% used [0x00000000eab00000,0x00000000eab00000,0x00000000eaf80000)
  from space 17920K, 100% used [0x00000000eaf80000,0x00000000ec100000,0x00000000ec100000)
  to   space 21504K, 0% used [0x00000000ec580000,0x00000000ec580000,0x00000000eda80000)
 ParOldGen       total 280576K, used 280139K [0x00000000c0000000, 0x00000000d1200000, 0x00000000eab00000)
  object space 280576K, 99% used [0x00000000c0000000,0x00000000d1192f98,0x00000000d1200000)
 Metaspace       used 64261K, committed 65600K, reserved 1114112K
  class space    used 6744K, committed 7296K, reserved 1048576K
}
Event: 89.614 GC heap before
{Heap before GC invocations=227 (full 4):
 PSYoungGen      total 22528K, used 22528K [0x00000000eab00000, 0x00000000eda80000, 0x0000000100000000)
  eden space 4608K, 100% used [0x00000000eab00000,0x00000000eaf80000,0x00000000eaf80000)
  from space 17920K, 100% used [0x00000000eaf80000,0x00000000ec100000,0x00000000ec100000)
  to   space 21504K, 0% used [0x00000000ec580000,0x00000000ec580000,0x00000000eda80000)
 ParOldGen       total 280576K, used 280139K [0x00000000c0000000, 0x00000000d1200000, 0x00000000eab00000)
  object space 280576K, 99% used [0x00000000c0000000,0x00000000d1192f98,0x00000000d1200000)
 Metaspace       used 64277K, committed 65600K, reserved 1114112K
  class space    used 6745K, committed 7296K, reserved 1048576K
}
Event: 89.749 GC heap after
{Heap after GC invocations=227 (full 4):
 PSYoungGen      total 24576K, used 18656K [0x00000000eab00000, 0x00000000ed800000, 0x0000000100000000)
  eden space 5632K, 0% used [0x00000000eab00000,0x00000000eab00000,0x00000000eb080000)
  from space 18944K, 98% used [0x00000000ec580000,0x00000000ed7b8000,0x00000000ed800000)
  to   space 19456K, 0% used [0x00000000eb200000,0x00000000eb200000,0x00000000ec500000)
 ParOldGen       total 283136K, used 283035K [0x00000000c0000000, 0x00000000d1480000, 0x00000000eab00000)
  object space 283136K, 99% used [0x00000000c0000000,0x00000000d1466f98,0x00000000d1480000)
 Metaspace       used 64277K, committed 65600K, reserved 1114112K
  class space    used 6745K, committed 7296K, reserved 1048576K
}
Event: 89.769 GC heap before
{Heap before GC invocations=228 (full 4):
 PSYoungGen      total 24576K, used 24288K [0x00000000eab00000, 0x00000000ed800000, 0x0000000100000000)
  eden space 5632K, 100% used [0x00000000eab00000,0x00000000eb080000,0x00000000eb080000)
  from space 18944K, 98% used [0x00000000ec580000,0x00000000ed7b8000,0x00000000ed800000)
  to   space 19456K, 0% used [0x00000000eb200000,0x00000000eb200000,0x00000000ec500000)
 ParOldGen       total 283136K, used 283035K [0x00000000c0000000, 0x00000000d1480000, 0x00000000eab00000)
  object space 283136K, 99% used [0x00000000c0000000,0x00000000d1466f98,0x00000000d1480000)
 Metaspace       used 64279K, committed 65600K, reserved 1114112K
  class space    used 6745K, committed 7296K, reserved 1048576K
}
Event: 89.780 GC heap after
{Heap after GC invocations=228 (full 4):
 PSYoungGen      total 26112K, used 19456K [0x00000000eab00000, 0x00000000edf80000, 0x0000000100000000)
  eden space 6656K, 0% used [0x00000000eab00000,0x00000000eab00000,0x00000000eb180000)
  from space 19456K, 100% used [0x00000000eb200000,0x00000000ec500000,0x00000000ec500000)
  to   space 23552K, 0% used [0x00000000ec880000,0x00000000ec880000,0x00000000edf80000)
 ParOldGen       total 286720K, used 286371K [0x00000000c0000000, 0x00000000d1800000, 0x00000000eab00000)
  object space 286720K, 99% used [0x00000000c0000000,0x00000000d17a8f98,0x00000000d1800000)
 Metaspace       used 64279K, committed 65600K, reserved 1114112K
  class space    used 6745K, committed 7296K, reserved 1048576K
}
Event: 126.640 GC heap before
{Heap before GC invocations=229 (full 4):
 PSYoungGen      total 26112K, used 26103K [0x00000000eab00000, 0x00000000edf80000, 0x0000000100000000)
  eden space 6656K, 99% used [0x00000000eab00000,0x00000000eb17dc88,0x00000000eb180000)
  from space 19456K, 100% used [0x00000000eb200000,0x00000000ec500000,0x00000000ec500000)
  to   space 23552K, 0% used [0x00000000ec880000,0x00000000ec880000,0x00000000edf80000)
 ParOldGen       total 286720K, used 286371K [0x00000000c0000000, 0x00000000d1800000, 0x00000000eab00000)
  object space 286720K, 99% used [0x00000000c0000000,0x00000000d17a8f98,0x00000000d1800000)
 Metaspace       used 64509K, committed 65856K, reserved 1114112K
  class space    used 6771K, committed 7296K, reserved 1048576K
}
Event: 126.786 GC heap after
{Heap after GC invocations=229 (full 4):
 PSYoungGen      total 28160K, used 20031K [0x00000000eab00000, 0x00000000edc80000, 0x0000000100000000)
  eden space 7680K, 0% used [0x00000000eab00000,0x00000000eab00000,0x00000000eb280000)
  from space 20480K, 97% used [0x00000000ec880000,0x00000000edc0ff00,0x00000000edc80000)
  to   space 21504K, 0% used [0x00000000eb280000,0x00000000eb280000,0x00000000ec780000)
 ParOldGen       total 289280K, used 289027K [0x00000000c0000000, 0x00000000d1a80000, 0x00000000eab00000)
  object space 289280K, 99% used [0x00000000c0000000,0x00000000d1a40f98,0x00000000d1a80000)
 Metaspace       used 64509K, committed 65856K, reserved 1114112K
  class space    used 6771K, committed 7296K, reserved 1048576K
}
Event: 126.867 GC heap before
{Heap before GC invocations=230 (full 4):
 PSYoungGen      total 28160K, used 27711K [0x00000000eab00000, 0x00000000edc80000, 0x0000000100000000)
  eden space 7680K, 100% used [0x00000000eab00000,0x00000000eb280000,0x00000000eb280000)
  from space 20480K, 97% used [0x00000000ec880000,0x00000000edc0ff00,0x00000000edc80000)
  to   space 21504K, 0% used [0x00000000eb280000,0x00000000eb280000,0x00000000ec780000)
 ParOldGen       total 289280K, used 289027K [0x00000000c0000000, 0x00000000d1a80000, 0x00000000eab00000)
  object space 289280K, 99% used [0x00000000c0000000,0x00000000d1a40f98,0x00000000d1a80000)
 Metaspace       used 64509K, committed 65856K, reserved 1114112K
  class space    used 6771K, committed 7296K, reserved 1048576K
}
Event: 127.886 GC heap after
{Heap after GC invocations=230 (full 4):
 PSYoungGen      total 29184K, used 21498K [0x00000000eab00000, 0x00000000eea80000, 0x0000000100000000)
  eden space 7680K, 0% used [0x00000000eab00000,0x00000000eab00000,0x00000000eb280000)
  from space 21504K, 99% used [0x00000000eb280000,0x00000000ec77e968,0x00000000ec780000)
  to   space 28160K, 0% used [0x00000000ecf00000,0x00000000ecf00000,0x00000000eea80000)
 ParOldGen       total 294400K, used 294182K [0x00000000c0000000, 0x00000000d1f80000, 0x00000000eab00000)
  object space 294400K, 99% used [0x00000000c0000000,0x00000000d1f49800,0x00000000d1f80000)
 Metaspace       used 64509K, committed 65856K, reserved 1114112K
  class space    used 6771K, committed 7296K, reserved 1048576K
}

Dll operation events (12 events):
Event: 0.183 Loaded shared library c:\Users\ysist\.vscode\extensions\redhat.java-1.41.0-win32-x64\jre\21.0.6-win32-x86_64\bin\java.dll
Event: 0.532 Loaded shared library c:\Users\ysist\.vscode\extensions\redhat.java-1.41.0-win32-x64\jre\21.0.6-win32-x86_64\bin\zip.dll
Event: 0.573 Loaded shared library C:\Users\ysist\.vscode\extensions\redhat.java-1.41.0-win32-x64\jre\21.0.6-win32-x86_64\bin\instrument.dll
Event: 0.584 Loaded shared library C:\Users\ysist\.vscode\extensions\redhat.java-1.41.0-win32-x64\jre\21.0.6-win32-x86_64\bin\net.dll
Event: 0.589 Loaded shared library C:\Users\ysist\.vscode\extensions\redhat.java-1.41.0-win32-x64\jre\21.0.6-win32-x86_64\bin\nio.dll
Event: 0.596 Loaded shared library C:\Users\ysist\.vscode\extensions\redhat.java-1.41.0-win32-x64\jre\21.0.6-win32-x86_64\bin\zip.dll
Event: 0.641 Loaded shared library C:\Users\ysist\.vscode\extensions\redhat.java-1.41.0-win32-x64\jre\21.0.6-win32-x86_64\bin\jimage.dll
Event: 0.801 Loaded shared library c:\Users\ysist\.vscode\extensions\redhat.java-1.41.0-win32-x64\jre\21.0.6-win32-x86_64\bin\verify.dll
Event: 19.410 Loaded shared library C:\Users\ysist\AppData\Roaming\Code\User\globalStorage\redhat.java\1.41.0\config_win\org.eclipse.equinox.launcher\org.eclipse.equinox.launcher.win32.win32.x86_64_1.2.1300.v20250325-0811\eclipse_11911.dll
Event: 37.558 Loaded shared library C:\Users\ysist\AppData\Local\Temp\jna-115276592\jna13854908312549588188.dll
Event: 40.811 Loaded shared library C:\Users\ysist\.vscode\extensions\redhat.java-1.41.0-win32-x64\jre\21.0.6-win32-x86_64\bin\sunmscapi.dll
Event: 41.749 Loaded shared library C:\Users\ysist\.vscode\extensions\redhat.java-1.41.0-win32-x64\jre\21.0.6-win32-x86_64\bin\extnet.dll

Deoptimization events (20 events):
Event: 125.665 Thread 0x0000025de542d0b0 Uncommon trap: trap_request=0xffffffde fr.pc=0x0000025dd2db95b4 relative=0x0000000000000274
Event: 125.665 Thread 0x0000025de542d0b0 Uncommon trap: reason=class_check action=maybe_recompile pc=0x0000025dd2db95b4 method=java.util.Comparator.lambda$comparing$77a9974f$1(Ljava/util/function/Function;Ljava/lang/Object;Ljava/lang/Object;)I @ 7 c2
Event: 125.665 Thread 0x0000025de542d0b0 DEOPT PACKING pc=0x0000025dd2db95b4 sp=0x000000d1e93fceb0
Event: 125.665 Thread 0x0000025de542d0b0 DEOPT UNPACKING pc=0x0000025dd2643aa2 sp=0x000000d1e93fcde0 mode 2
Event: 125.665 Thread 0x0000025de542d0b0 Uncommon trap: trap_request=0xffffffde fr.pc=0x0000025dd2db95b4 relative=0x0000000000000274
Event: 125.665 Thread 0x0000025de542d0b0 Uncommon trap: reason=class_check action=maybe_recompile pc=0x0000025dd2db95b4 method=java.util.Comparator.lambda$comparing$77a9974f$1(Ljava/util/function/Function;Ljava/lang/Object;Ljava/lang/Object;)I @ 7 c2
Event: 125.665 Thread 0x0000025de542d0b0 DEOPT PACKING pc=0x0000025dd2db95b4 sp=0x000000d1e93fcf40
Event: 125.665 Thread 0x0000025de542d0b0 DEOPT UNPACKING pc=0x0000025dd2643aa2 sp=0x000000d1e93fce70 mode 2
Event: 126.489 Thread 0x0000025de2658690 Uncommon trap: trap_request=0xfffffff4 fr.pc=0x0000025dd2e72e64 relative=0x00000000000022a4
Event: 126.489 Thread 0x0000025de2658690 Uncommon trap: reason=null_check action=make_not_entrant pc=0x0000025dd2e72e64 method=org.eclipse.jdt.internal.core.index.DiskIndex.computeDocumentNames([Ljava/lang/String;[ILorg/eclipse/jdt/internal/compiler/util/SimpleLookupTable;Lorg/eclipse/jdt/intern
Event: 126.489 Thread 0x0000025de2658690 DEOPT PACKING pc=0x0000025dd2e72e64 sp=0x000000d1e70ff010
Event: 126.489 Thread 0x0000025de2658690 DEOPT UNPACKING pc=0x0000025dd2643aa2 sp=0x000000d1e70fefa8 mode 2
Event: 126.504 Thread 0x0000025de2658690 Uncommon trap: trap_request=0xffffff45 fr.pc=0x0000025dd3007cd4 relative=0x0000000000000b34
Event: 126.504 Thread 0x0000025de2658690 Uncommon trap: reason=unstable_if action=reinterpret pc=0x0000025dd3007cd4 method=org.eclipse.jdt.internal.core.index.DiskIndex.readStreamChars(Ljava/io/InputStream;)[C @ 199 c2
Event: 126.504 Thread 0x0000025de2658690 DEOPT PACKING pc=0x0000025dd3007cd4 sp=0x000000d1e70fecd0
Event: 126.504 Thread 0x0000025de2658690 DEOPT UNPACKING pc=0x0000025dd2643aa2 sp=0x000000d1e70fec38 mode 2
Event: 127.945 Thread 0x0000025de2658690 Uncommon trap: trap_request=0xffffff45 fr.pc=0x0000025dd3068f90 relative=0x0000000000000af0
Event: 127.945 Thread 0x0000025de2658690 Uncommon trap: reason=unstable_if action=reinterpret pc=0x0000025dd3068f90 method=org.eclipse.jdt.internal.core.index.DiskIndex.readStreamChars(Ljava/io/InputStream;)[C @ 114 c2
Event: 127.945 Thread 0x0000025de2658690 DEOPT PACKING pc=0x0000025dd3068f90 sp=0x000000d1e70fec40
Event: 127.945 Thread 0x0000025de2658690 DEOPT UNPACKING pc=0x0000025dd2643aa2 sp=0x000000d1e70feba0 mode 2

Classes loaded (20 events):
Event: 89.097 Loading class java/util/stream/Nodes$ConcNode
Event: 89.098 Loading class java/util/stream/Nodes$AbstractConcNode
Event: 89.100 Loading class java/util/stream/Nodes$AbstractConcNode done
Event: 89.101 Loading class java/util/stream/Nodes$ConcNode done
Event: 89.161 Loading class java/io/ObjectOutputStream$BlockDataOutputStream
Event: 89.165 Loading class java/io/ObjectOutputStream$BlockDataOutputStream done
Event: 89.167 Loading class java/io/ObjectOutputStream$HandleTable
Event: 89.168 Loading class java/io/ObjectOutputStream$HandleTable done
Event: 89.169 Loading class java/io/ObjectOutputStream$ReplaceTable
Event: 89.171 Loading class java/io/ObjectOutputStream$ReplaceTable done
Event: 89.392 Loading class java/util/stream/Nodes$ToArrayTask$OfRef
Event: 89.394 Loading class java/util/stream/Nodes$ToArrayTask
Event: 89.396 Loading class java/util/stream/Nodes$ToArrayTask done
Event: 89.396 Loading class java/util/stream/Nodes$ToArrayTask$OfRef done
Event: 123.292 Loading class java/util/concurrent/Executors$DelegatedScheduledExecutorService
Event: 123.334 Loading class java/util/concurrent/Executors$DelegatedExecutorService
Event: 123.342 Loading class java/util/concurrent/Executors$DelegatedExecutorService done
Event: 123.343 Loading class java/util/concurrent/Executors$DelegatedScheduledExecutorService done
Event: 128.977 Loading class javax/security/auth/login/Configuration
Event: 129.983 Loading class javax/security/auth/login/Configuration done

Classes unloaded (10 events):
Event: 38.618 Thread 0x0000025ddc2625f0 Unloading class 0x0000025d8119c400 'java/lang/invoke/LambdaForm$MH+0x0000025d8119c400'
Event: 38.618 Thread 0x0000025ddc2625f0 Unloading class 0x0000025d8119c000 'java/lang/invoke/LambdaForm$MH+0x0000025d8119c000'
Event: 38.618 Thread 0x0000025ddc2625f0 Unloading class 0x0000025d8119bc00 'java/lang/invoke/LambdaForm$MH+0x0000025d8119bc00'
Event: 38.618 Thread 0x0000025ddc2625f0 Unloading class 0x0000025d8119b800 'java/lang/invoke/LambdaForm$MH+0x0000025d8119b800'
Event: 38.618 Thread 0x0000025ddc2625f0 Unloading class 0x0000025d8119b400 'java/lang/invoke/LambdaForm$BMH+0x0000025d8119b400'
Event: 38.618 Thread 0x0000025ddc2625f0 Unloading class 0x0000025d8119b000 'java/lang/invoke/LambdaForm$DMH+0x0000025d8119b000'
Event: 38.618 Thread 0x0000025ddc2625f0 Unloading class 0x0000025d81199c00 'java/lang/invoke/LambdaForm$DMH+0x0000025d81199c00'
Event: 56.925 Thread 0x0000025ddc2625f0 Unloading class 0x0000025d816ccc00 'java/lang/invoke/LambdaForm$MH+0x0000025d816ccc00'
Event: 56.925 Thread 0x0000025ddc2625f0 Unloading class 0x0000025d816cc000 'java/lang/invoke/LambdaForm$MH+0x0000025d816cc000'
Event: 56.926 Thread 0x0000025ddc2625f0 Unloading class 0x0000025d816c0400 'java/lang/invoke/LambdaForm$MH+0x0000025d816c0400'

Classes redefined (0 events):
No events

Internal exceptions (20 events):
Event: 89.024 Thread 0x0000025de542b670 Exception <a 'java/io/IOException'{0x00000000eab51040}> (0x00000000eab51040) 
thrown [s\src\hotspot\share\prims\jni.cpp, line 520]
Event: 89.299 Thread 0x0000025de45a43f0 Exception <a 'java/lang/NoSuchMethodError'{0x00000000eaf04e20}: 'java.lang.Object java.lang.invoke.DirectMethodHandle$Holder.newInvokeSpecial(java.lang.Object, java.lang.Object, java.lang.Object, java.lang.Object, java.lang.Object, java.lang.Object, java.lang.Object, java.lang.Object, java.lang.Object, java.lang.Object)'> (0x00000000eaf04e20) 
thrown [s\src\hotspot\share\interpreter\linkResolver.cpp, line 773]
Event: 89.587 Thread 0x0000025de45a43f0 Exception <a 'sun/nio/fs/WindowsException'{0x00000000ead5c740}> (0x00000000ead5c740) 
thrown [s\src\hotspot\share\prims\jni.cpp, line 520]
Event: 90.391 Thread 0x0000025de45a43f0 Exception <a 'java/io/IOException'{0x00000000eae02f90}> (0x00000000eae02f90) 
thrown [s\src\hotspot\share\prims\jni.cpp, line 520]
Event: 90.395 Thread 0x0000025de45a43f0 Exception <a 'java/io/IOException'{0x00000000eae04f80}> (0x00000000eae04f80) 
thrown [s\src\hotspot\share\prims\jni.cpp, line 520]
Event: 90.581 Thread 0x0000025de45a43f0 Exception <a 'java/io/IOException'{0x00000000eae10a58}> (0x00000000eae10a58) 
thrown [s\src\hotspot\share\prims\jni.cpp, line 520]
Event: 90.599 Thread 0x0000025de45a43f0 Exception <a 'java/io/IOException'{0x00000000eae15aa0}> (0x00000000eae15aa0) 
thrown [s\src\hotspot\share\prims\jni.cpp, line 520]
Event: 90.603 Thread 0x0000025de45a43f0 Exception <a 'java/io/IOException'{0x00000000eae20790}> (0x00000000eae20790) 
thrown [s\src\hotspot\share\prims\jni.cpp, line 520]
Event: 90.612 Thread 0x0000025de45a43f0 Exception <a 'java/io/IOException'{0x00000000eae26138}> (0x00000000eae26138) 
thrown [s\src\hotspot\share\prims\jni.cpp, line 520]
Event: 90.614 Thread 0x0000025de45a43f0 Exception <a 'java/io/IOException'{0x00000000eae33cf0}> (0x00000000eae33cf0) 
thrown [s\src\hotspot\share\prims\jni.cpp, line 520]
Event: 125.512 Thread 0x0000025de542d0b0 Implicit null exception at 0x0000025dd2e1d9d0 to 0x0000025dd2e1da1f
Event: 125.861 Thread 0x0000025de542d0b0 Exception <a 'java/lang/NoSuchMethodError'{0x00000000eaf79c20}: 'void java.lang.invoke.DirectMethodHandle$Holder.invokeInterface(java.lang.Object, java.lang.Object)'> (0x00000000eaf79c20) 
thrown [s\src\hotspot\share\interpreter\linkResolver.cpp, line 773]
Event: 126.287 Thread 0x0000025de542d0b0 Exception <a 'sun/nio/fs/WindowsException'{0x00000000eb03ae38}> (0x00000000eb03ae38) 
thrown [s\src\hotspot\share\prims\jni.cpp, line 520]
Event: 126.289 Thread 0x0000025de542d0b0 Exception <a 'sun/nio/fs/WindowsException'{0x00000000eb03b6a8}> (0x00000000eb03b6a8) 
thrown [s\src\hotspot\share\prims\jni.cpp, line 520]
Event: 126.292 Thread 0x0000025de542d0b0 Exception <a 'sun/nio/fs/WindowsException'{0x00000000eb03c320}> (0x00000000eb03c320) 
thrown [s\src\hotspot\share\prims\jni.cpp, line 520]
Event: 126.293 Thread 0x0000025de542d0b0 Exception <a 'sun/nio/fs/WindowsException'{0x00000000eb03c970}> (0x00000000eb03c970) 
thrown [s\src\hotspot\share\prims\jni.cpp, line 520]
Event: 126.348 Thread 0x0000025de542d0b0 Exception <a 'sun/nio/fs/WindowsException'{0x00000000eb050850}> (0x00000000eb050850) 
thrown [s\src\hotspot\share\prims\jni.cpp, line 520]
Event: 126.489 Thread 0x0000025de2658690 Implicit null exception at 0x0000025dd2e70f01 to 0x0000025dd2e72e2c
Event: 126.548 Thread 0x0000025de2658690 Exception <a 'sun/nio/fs/WindowsException'{0x00000000eb094418}> (0x00000000eb094418) 
thrown [s\src\hotspot\share\prims\jni.cpp, line 520]
Event: 127.977 Thread 0x0000025de2658690 Exception <a 'sun/nio/fs/WindowsException'{0x00000000eafc6928}> (0x00000000eafc6928) 
thrown [s\src\hotspot\share\prims\jni.cpp, line 520]

ZGC Phase Switch (0 events):
No events

VM Operations (20 events):
Event: 89.768 Executing VM operation: ParallelGCFailedAllocation (Allocation Failure)
Event: 89.780 Executing VM operation: ParallelGCFailedAllocation (Allocation Failure) done
Event: 90.787 Executing VM operation: Cleanup
Event: 90.789 Executing VM operation: Cleanup done
Event: 122.737 Executing VM operation: HandshakeAllThreads (HandshakeForDeflation)
Event: 122.744 Executing VM operation: HandshakeAllThreads (HandshakeForDeflation) done
Event: 122.745 Executing VM operation: RendezvousGCThreads
Event: 122.745 Executing VM operation: RendezvousGCThreads done
Event: 123.749 Executing VM operation: Cleanup
Event: 123.796 Executing VM operation: Cleanup done
Event: 125.809 Executing VM operation: Cleanup
Event: 125.812 Executing VM operation: Cleanup done
Event: 126.217 Executing VM operation: HandshakeAllThreads (Deoptimize)
Event: 126.224 Executing VM operation: HandshakeAllThreads (Deoptimize) done
Event: 126.639 Executing VM operation: ParallelGCFailedAllocation (Allocation Failure)
Event: 126.786 Executing VM operation: ParallelGCFailedAllocation (Allocation Failure) done
Event: 126.867 Executing VM operation: ParallelGCFailedAllocation (Allocation Failure)
Event: 127.886 Executing VM operation: ParallelGCFailedAllocation (Allocation Failure) done
Event: 129.886 Executing VM operation: Cleanup
Event: 129.978 Executing VM operation: Cleanup done

Memory protections (0 events):
No events

Nmethod flushes (20 events):
Event: 58.564 Thread 0x0000025ddc2625f0 flushing  nmethod 0x0000025dcbf9af90
Event: 58.564 Thread 0x0000025ddc2625f0 flushing  nmethod 0x0000025dcbf9b890
Event: 58.564 Thread 0x0000025ddc2625f0 flushing  nmethod 0x0000025dcbf9bd10
Event: 58.564 Thread 0x0000025ddc2625f0 flushing  nmethod 0x0000025dcbf9ee10
Event: 58.564 Thread 0x0000025ddc2625f0 flushing  nmethod 0x0000025dcbf9f710
Event: 58.564 Thread 0x0000025ddc2625f0 flushing  nmethod 0x0000025dcbf9fc10
Event: 58.564 Thread 0x0000025ddc2625f0 flushing  nmethod 0x0000025dcbfa0d10
Event: 58.564 Thread 0x0000025ddc2625f0 flushing  nmethod 0x0000025dcbfa2490
Event: 58.564 Thread 0x0000025ddc2625f0 flushing  nmethod 0x0000025dcbfa2810
Event: 58.564 Thread 0x0000025ddc2625f0 flushing  nmethod 0x0000025dcbfaf790
Event: 58.564 Thread 0x0000025ddc2625f0 flushing  nmethod 0x0000025dcbfb5110
Event: 58.564 Thread 0x0000025ddc2625f0 flushing  nmethod 0x0000025dcbfd7e10
Event: 58.564 Thread 0x0000025ddc2625f0 flushing  nmethod 0x0000025dcbffda10
Event: 58.564 Thread 0x0000025ddc2625f0 flushing  nmethod 0x0000025dcbffec10
Event: 58.564 Thread 0x0000025ddc2625f0 flushing  nmethod 0x0000025dcbfff610
Event: 58.564 Thread 0x0000025ddc2625f0 flushing  nmethod 0x0000025dcc005310
Event: 58.564 Thread 0x0000025ddc2625f0 flushing  nmethod 0x0000025dcc006590
Event: 58.564 Thread 0x0000025ddc2625f0 flushing  nmethod 0x0000025dcc00a790
Event: 58.564 Thread 0x0000025ddc2625f0 flushing  nmethod 0x0000025dcc00b210
Event: 58.564 Thread 0x0000025ddc2625f0 flushing  nmethod 0x0000025dcc027210

Events (20 events):
Event: 88.389 Thread 0x0000025de542bd00 Thread added: 0x0000025de542c390
Event: 88.393 Thread 0x0000025de542c390 Thread added: 0x0000025de542b670
Event: 88.394 Thread 0x0000025de542b670 Thread added: 0x0000025de5428f10
Event: 88.396 Thread 0x0000025de5428f10 Thread added: 0x0000025de542ca20
Event: 88.676 Thread 0x0000025de542c390 Thread added: 0x0000025de54295a0
Event: 89.066 Thread 0x0000025de45a43f0 Thread added: 0x0000025de542d0b0
Event: 89.112 Thread 0x0000025de542d0b0 Thread exited: 0x0000025de542d0b0
Event: 89.317 Thread 0x0000025de45a43f0 Thread added: 0x0000025de542d0b0
Event: 89.321 Thread 0x0000025de542d0b0 Thread added: 0x0000025de5429c30
Event: 89.336 Thread 0x0000025de542d0b0 Thread added: 0x0000025de542d740
Event: 89.397 Thread 0x0000025de542d0b0 Thread exited: 0x0000025de542d0b0
Event: 89.397 Thread 0x0000025de542d740 Thread exited: 0x0000025de542d740
Event: 89.397 Thread 0x0000025de5429c30 Thread exited: 0x0000025de5429c30
Event: 89.802 Thread 0x0000025de54295a0 Thread exited: 0x0000025de54295a0
Event: 109.084 Thread 0x0000025de45a64c0 Thread exited: 0x0000025de45a64c0
Event: 111.035 Thread 0x0000025de5178cc0 Thread exited: 0x0000025de5178cc0
Event: 123.441 Thread 0x0000025de45a92b0 Thread added: 0x0000025de54295a0
Event: 123.673 Thread 0x0000025dc7ecbe60 Thread added: 0x0000025de542d0b0
Event: 125.577 Thread 0x0000025de542d0b0 Thread added: 0x0000025de5429c30
Event: 128.948 Thread 0x0000025de2658690 Thread exited: 0x0000025de2658690


Dynamic libraries:
0x00007ff61d640000 - 0x00007ff61d64e000 	c:\Users\ysist\.vscode\extensions\redhat.java-1.41.0-win32-x64\jre\21.0.6-win32-x86_64\bin\java.exe
0x00007ffd883c0000 - 0x00007ffd88623000 	C:\WINDOWS\SYSTEM32\ntdll.dll
0x00007ffd87510000 - 0x00007ffd875d7000 	C:\WINDOWS\System32\KERNEL32.DLL
0x00007ffd857f0000 - 0x00007ffd85bb9000 	C:\WINDOWS\System32\KERNELBASE.dll
0x00007ffd85bc0000 - 0x00007ffd85d0c000 	C:\WINDOWS\System32\ucrtbase.dll
0x00007ffd81fe0000 - 0x00007ffd81ff8000 	c:\Users\ysist\.vscode\extensions\redhat.java-1.41.0-win32-x64\jre\21.0.6-win32-x86_64\bin\jli.dll
0x00007ffd6fbd0000 - 0x00007ffd6fbee000 	c:\Users\ysist\.vscode\extensions\redhat.java-1.41.0-win32-x64\jre\21.0.6-win32-x86_64\bin\VCRUNTIME140.dll
0x00007ffd876e0000 - 0x00007ffd878aa000 	C:\WINDOWS\System32\USER32.dll
0x00007ffd85f80000 - 0x00007ffd85fa7000 	C:\WINDOWS\System32\win32u.dll
0x00007ffd882d0000 - 0x00007ffd882fa000 	C:\WINDOWS\System32\GDI32.dll
0x00007ffd6adf0000 - 0x00007ffd6b080000 	C:\WINDOWS\WinSxS\amd64_microsoft.windows.common-controls_6595b64144ccf1df_6.0.26100.3323_none_3e088096e3344490\COMCTL32.dll
0x00007ffd85d10000 - 0x00007ffd85e41000 	C:\WINDOWS\System32\gdi32full.dll
0x00007ffd85fb0000 - 0x00007ffd86053000 	C:\WINDOWS\System32\msvcp_win.dll
0x00007ffd863c0000 - 0x00007ffd86469000 	C:\WINDOWS\System32\msvcrt.dll
0x00007ffd86380000 - 0x00007ffd863af000 	C:\WINDOWS\System32\IMM32.DLL
0x00007ffd82040000 - 0x00007ffd8204c000 	c:\Users\ysist\.vscode\extensions\redhat.java-1.41.0-win32-x64\jre\21.0.6-win32-x86_64\bin\vcruntime140_1.dll
0x00007ffd4a380000 - 0x00007ffd4a40d000 	c:\Users\ysist\.vscode\extensions\redhat.java-1.41.0-win32-x64\jre\21.0.6-win32-x86_64\bin\msvcp140.dll
0x00007ffcf0e80000 - 0x00007ffcf1c10000 	c:\Users\ysist\.vscode\extensions\redhat.java-1.41.0-win32-x64\jre\21.0.6-win32-x86_64\bin\server\jvm.dll
0x00007ffd88190000 - 0x00007ffd88242000 	C:\WINDOWS\System32\ADVAPI32.dll
0x00007ffd86600000 - 0x00007ffd866a6000 	C:\WINDOWS\System32\sechost.dll
0x00007ffd87fe0000 - 0x00007ffd880f6000 	C:\WINDOWS\System32\RPCRT4.dll
0x00007ffd88250000 - 0x00007ffd882c4000 	C:\WINDOWS\System32\WS2_32.dll
0x00007ffd85290000 - 0x00007ffd852de000 	C:\WINDOWS\SYSTEM32\POWRPROF.dll
0x00007ffd709f0000 - 0x00007ffd70a26000 	C:\WINDOWS\SYSTEM32\WINMM.dll
0x00007ffd68f70000 - 0x00007ffd68f7b000 	C:\WINDOWS\SYSTEM32\VERSION.dll
0x00007ffd85270000 - 0x00007ffd85284000 	C:\WINDOWS\SYSTEM32\UMPDC.dll
0x00007ffd843e0000 - 0x00007ffd843fa000 	C:\WINDOWS\SYSTEM32\kernel.appcore.dll
0x00007ffd81de0000 - 0x00007ffd81dea000 	c:\Users\ysist\.vscode\extensions\redhat.java-1.41.0-win32-x64\jre\21.0.6-win32-x86_64\bin\jimage.dll
0x00007ffd82d80000 - 0x00007ffd82fc1000 	C:\WINDOWS\SYSTEM32\DBGHELP.DLL
0x00007ffd87180000 - 0x00007ffd87502000 	C:\WINDOWS\System32\combase.dll
0x00007ffd86470000 - 0x00007ffd86546000 	C:\WINDOWS\System32\OLEAUT32.dll
0x00007ffd64a20000 - 0x00007ffd64a59000 	C:\WINDOWS\SYSTEM32\dbgcore.DLL
0x00007ffd85e50000 - 0x00007ffd85ee9000 	C:\WINDOWS\System32\bcryptPrimitives.dll
0x00007ffd734e0000 - 0x00007ffd734ef000 	c:\Users\ysist\.vscode\extensions\redhat.java-1.41.0-win32-x64\jre\21.0.6-win32-x86_64\bin\instrument.dll
0x00007ffd6e6c0000 - 0x00007ffd6e6df000 	c:\Users\ysist\.vscode\extensions\redhat.java-1.41.0-win32-x64\jre\21.0.6-win32-x86_64\bin\java.dll
0x00007ffd878b0000 - 0x00007ffd87fc5000 	C:\WINDOWS\System32\SHELL32.dll
0x00007ffd85680000 - 0x00007ffd857e8000 	C:\WINDOWS\System32\wintypes.dll
0x00007ffd83270000 - 0x00007ffd83ab5000 	C:\WINDOWS\SYSTEM32\windows.storage.dll
0x00007ffd86b60000 - 0x00007ffd86c4b000 	C:\WINDOWS\System32\SHCORE.dll
0x00007ffd86710000 - 0x00007ffd8676d000 	C:\WINDOWS\System32\shlwapi.dll
0x00007ffd854d0000 - 0x00007ffd854ff000 	C:\WINDOWS\SYSTEM32\profapi.dll
0x00007ffd6e750000 - 0x00007ffd6e768000 	c:\Users\ysist\.vscode\extensions\redhat.java-1.41.0-win32-x64\jre\21.0.6-win32-x86_64\bin\zip.dll
0x00007ffd6fc60000 - 0x00007ffd6fc70000 	C:\Users\ysist\.vscode\extensions\redhat.java-1.41.0-win32-x64\jre\21.0.6-win32-x86_64\bin\net.dll
0x00007ffd7bbf0000 - 0x00007ffd7bd0e000 	C:\WINDOWS\SYSTEM32\WINHTTP.dll
0x00007ffd84900000 - 0x00007ffd8496a000 	C:\WINDOWS\system32\mswsock.dll
0x00007ffd6a3a0000 - 0x00007ffd6a3b6000 	C:\Users\ysist\.vscode\extensions\redhat.java-1.41.0-win32-x64\jre\21.0.6-win32-x86_64\bin\nio.dll
0x00007ffd6fb90000 - 0x00007ffd6fba0000 	c:\Users\ysist\.vscode\extensions\redhat.java-1.41.0-win32-x64\jre\21.0.6-win32-x86_64\bin\verify.dll
0x00007ffd522e0000 - 0x00007ffd52325000 	C:\Users\ysist\AppData\Roaming\Code\User\globalStorage\redhat.java\1.41.0\config_win\org.eclipse.equinox.launcher\org.eclipse.equinox.launcher.win32.win32.x86_64_1.2.1300.v20250325-0811\eclipse_11911.dll
0x00007ffd861e0000 - 0x00007ffd86375000 	C:\WINDOWS\System32\ole32.dll
0x00007ffd84bb0000 - 0x00007ffd84bcc000 	C:\WINDOWS\SYSTEM32\CRYPTSP.dll
0x00007ffd84340000 - 0x00007ffd8437a000 	C:\WINDOWS\system32\rsaenh.dll
0x00007ffd849a0000 - 0x00007ffd849cb000 	C:\WINDOWS\SYSTEM32\USERENV.dll
0x00007ffd84de0000 - 0x00007ffd84e06000 	C:\WINDOWS\SYSTEM32\bcrypt.dll
0x00007ffd84ba0000 - 0x00007ffd84bac000 	C:\WINDOWS\SYSTEM32\CRYPTBASE.dll
0x00007ffd83e80000 - 0x00007ffd83eb3000 	C:\WINDOWS\SYSTEM32\IPHLPAPI.DLL
0x00007ffd88180000 - 0x00007ffd8818a000 	C:\WINDOWS\System32\NSI.dll
0x00007ffd48c60000 - 0x00007ffd48ca9000 	C:\Users\ysist\AppData\Local\Temp\jna-115276592\jna13854908312549588188.dll
0x00007ffd86b50000 - 0x00007ffd86b58000 	C:\WINDOWS\System32\PSAPI.DLL
0x00007ffd7d130000 - 0x00007ffd7d14f000 	C:\WINDOWS\SYSTEM32\dhcpcsvc6.DLL
0x00007ffd7d100000 - 0x00007ffd7d125000 	C:\WINDOWS\SYSTEM32\dhcpcsvc.DLL
0x00007ffd81f90000 - 0x00007ffd81f9e000 	C:\Users\ysist\.vscode\extensions\redhat.java-1.41.0-win32-x64\jre\21.0.6-win32-x86_64\bin\sunmscapi.dll
0x00007ffd86060000 - 0x00007ffd861d7000 	C:\WINDOWS\System32\CRYPT32.dll
0x00007ffd84da0000 - 0x00007ffd84dd0000 	C:\WINDOWS\SYSTEM32\ncrypt.dll
0x00007ffd84d50000 - 0x00007ffd84d8f000 	C:\WINDOWS\SYSTEM32\NTASN1.dll
0x00007ffd83ec0000 - 0x00007ffd83fe5000 	C:\WINDOWS\SYSTEM32\DNSAPI.dll
0x00007ffd79f50000 - 0x00007ffd79f5b000 	C:\Windows\System32\rasadhlp.dll
0x00007ffd7d160000 - 0x00007ffd7d1e5000 	C:\WINDOWS\System32\fwpuclnt.dll
0x00007ffd7cde0000 - 0x00007ffd7cde9000 	C:\Users\ysist\.vscode\extensions\redhat.java-1.41.0-win32-x64\jre\21.0.6-win32-x86_64\bin\extnet.dll
0x00007ffd84500000 - 0x00007ffd84535000 	C:\WINDOWS\SYSTEM32\ntmarta.dll

dbghelp: loaded successfully - version: 4.0.5 - missing functions: none
symbol engine: initialized successfully - sym options: 0x614 - pdb path: .;c:\Users\ysist\.vscode\extensions\redhat.java-1.41.0-win32-x64\jre\21.0.6-win32-x86_64\bin;C:\WINDOWS\SYSTEM32;C:\WINDOWS\WinSxS\amd64_microsoft.windows.common-controls_6595b64144ccf1df_6.0.26100.3323_none_3e088096e3344490;c:\Users\ysist\.vscode\extensions\redhat.java-1.41.0-win32-x64\jre\21.0.6-win32-x86_64\bin\server;C:\Users\ysist\AppData\Roaming\Code\User\globalStorage\redhat.java\1.41.0\config_win\org.eclipse.equinox.launcher\org.eclipse.equinox.launcher.win32.win32.x86_64_1.2.1300.v20250325-0811;C:\Users\ysist\AppData\Local\Temp\jna-115276592

VM Arguments:
jvm_args: --add-modules=ALL-SYSTEM --add-opens=java.base/java.util=ALL-UNNAMED --add-opens=java.base/java.lang=ALL-UNNAMED --add-opens=java.base/sun.nio.fs=ALL-UNNAMED -Declipse.application=org.eclipse.jdt.ls.core.id1 -Dosgi.bundles.defaultStartLevel=4 -Declipse.product=org.eclipse.jdt.ls.core.product -Djava.import.generatesMetadataFilesAtProjectRoot=false -DDetectVMInstallationsJob.disabled=true -Dfile.encoding=utf8 -XX:+UseParallelGC -XX:GCTimeRatio=4 -XX:AdaptiveSizePolicyWeight=90 -Dsun.zip.disableMemoryMapping=true -Xmx1G -Xms100m -Xlog:disable -javaagent:c:\Users\ysist\.vscode\extensions\redhat.java-1.41.0-win32-x64\lombok\lombok-1.18.36.jar -XX:+HeapDumpOnOutOfMemoryError -XX:HeapDumpPath=c:\Users\ysist\AppData\Roaming\Code\User\workspaceStorage\1dfd16546f1b050271c12372cff0b115\redhat.java -Daether.dependencyCollector.impl=bf 
java_command: c:\Users\ysist\.vscode\extensions\redhat.java-1.41.0-win32-x64\server\plugins\org.eclipse.equinox.launcher_1.6.1100.v20250306-0509.jar -configuration c:\Users\ysist\AppData\Roaming\Code\User\globalStorage\redhat.java\1.41.0\config_win -data c:\Users\ysist\AppData\Roaming\Code\User\workspaceStorage\1dfd16546f1b050271c12372cff0b115\redhat.java\jdt_ws --pipe=\\.\pipe\lsp-26f1d89b28cef0bfc8810118898ccd48-sock
java_class_path (initial): c:\Users\ysist\.vscode\extensions\redhat.java-1.41.0-win32-x64\server\plugins\org.eclipse.equinox.launcher_1.6.1100.v20250306-0509.jar
Launcher Type: SUN_STANDARD

[Global flags]
    uintx AdaptiveSizePolicyWeight                 = 90                                        {product} {command line}
     intx CICompilerCount                          = 4                                         {product} {ergonomic}
    uintx GCTimeRatio                              = 4                                         {product} {command line}
     bool HeapDumpOnOutOfMemoryError               = true                                   {manageable} {command line}
    ccstr HeapDumpPath                             = c:\Users\ysist\AppData\Roaming\Code\User\workspaceStorage\1dfd16546f1b050271c12372cff0b115\redhat.java         {manageable} {command line}
   size_t InitialHeapSize                          = 104857600                                 {product} {command line}
   size_t MaxHeapSize                              = 1073741824                                {product} {command line}
   size_t MaxNewSize                               = 357564416                                 {product} {ergonomic}
   size_t MinHeapDeltaBytes                        = 524288                                    {product} {ergonomic}
   size_t MinHeapSize                              = 104857600                                 {product} {command line}
   size_t NewSize                                  = 34603008                                  {product} {ergonomic}
    uintx NonNMethodCodeHeapSize                   = 5839372                                {pd product} {ergonomic}
    uintx NonProfiledCodeHeapSize                  = 122909434                              {pd product} {ergonomic}
   size_t OldSize                                  = 70254592                                  {product} {ergonomic}
    uintx ProfiledCodeHeapSize                     = 122909434                              {pd product} {ergonomic}
    uintx ReservedCodeCacheSize                    = 251658240                              {pd product} {ergonomic}
     bool SegmentedCodeCache                       = true                                      {product} {ergonomic}
   size_t SoftMaxHeapSize                          = 1073741824                             {manageable} {ergonomic}
     bool UseCompressedOops                        = true                           {product lp64_product} {ergonomic}
     bool UseLargePagesIndividualAllocation        = false                                  {pd product} {ergonomic}
     bool UseParallelGC                            = true                                      {product} {command line}

Logging:
Log output configuration:
 #0: stdout all=off uptime,level,tags foldmultilines=false
 #1: stderr all=off uptime,level,tags foldmultilines=false

Environment Variables:
PATH=C:\Program Files (x86)\Common Files\Oracle\Java\java8path;C:\Program Files (x86)\Common Files\Oracle\Java\javapath;C:\WINDOWS\system32;C:\WINDOWS;C:\WINDOWS\System32\Wbem;C:\WINDOWS\System32\WindowsPowerShell\v1.0\;C:\WINDOWS\System32\OpenSSH\;C:\Program Files\Git\cmd;C:\ProgramData\UNIVALI\Portugol Studio;C:\Program Files (x86)\IVI Foundation\VISA\WinNT\Bin;C:\Users\ysist\AppData\Local\Programs\Python\Python312\Scripts\;C:\Users\ysist\AppData\Local\Programs\Python\Python312\;C:\Users\ysist\AppData\Local\Microsoft\WindowsApps;C:\Users\ysist\AppData\Local\Programs\Microsoft VS Code\bin;C:\Program Files\JetBrains\IntelliJ IDEA Community Edition 2024.1\bin;;C:\Program Files\JetBrains\PyCharm Community Edition 2024.1.4\bin;;
USERNAME=ysist
OS=Windows_NT
PROCESSOR_IDENTIFIER=Intel64 Family 6 Model 154 Stepping 4, GenuineIntel
TMP=C:\Users\ysist\AppData\Local\Temp
TEMP=C:\Users\ysist\AppData\Local\Temp




Periodic native trim disabled

---------------  S Y S T E M  ---------------

OS:
 Windows 11 , 64 bit Build 26100 (10.0.26100.3323)
OS uptime: 5 days 18:44 hours
Hyper-V role detected

CPU: total 8 (initial active 8) (4 cores per cpu, 2 threads per core) family 6 model 154 stepping 4 microcode 0x423, cx8, cmov, fxsr, ht, mmx, 3dnowpref, sse, sse2, sse3, ssse3, sse4.1, sse4.2, popcnt, lzcnt, tsc, tscinvbit, avx, avx2, aes, erms, clmul, bmi1, bmi2, adx, sha, fma, vzeroupper, clflush, clflushopt, clwb, hv, serialize, rdtscp, rdpid, fsrm, f16c, cet_ibt, cet_ss
Processor Information for processor 0
  Max Mhz: 1200, Current Mhz: 1200, Mhz Limit: 1200
Processor Information for processor 1
  Max Mhz: 1200, Current Mhz: 1200, Mhz Limit: 1200
Processor Information for processor 2
  Max Mhz: 1200, Current Mhz: 1200, Mhz Limit: 1200
Processor Information for processor 3
  Max Mhz: 1200, Current Mhz: 1200, Mhz Limit: 1200
Processor Information for processor 4
  Max Mhz: 1200, Current Mhz: 900, Mhz Limit: 900
Processor Information for processor 5
  Max Mhz: 1200, Current Mhz: 900, Mhz Limit: 900
Processor Information for processor 6
  Max Mhz: 1200, Current Mhz: 900, Mhz Limit: 900
Processor Information for processor 7
  Max Mhz: 1200, Current Mhz: 900, Mhz Limit: 900

Memory: 4k page, system-wide physical 3797M (128M free)
TotalPageFile size 15573M (AvailPageFile size 0M)
current process WorkingSet (physical memory assigned to process): 174M, peak: 245M
current process commit charge ("private bytes"): 581M, peak: 587M

vm_info: OpenJDK 64-Bit Server VM (21.0.6+7-LTS) for windows-amd64 JRE (21.0.6+7-LTS), built on 2025-01-21T00:00:00Z by "admin" with MS VC++ 17.7 (VS2022)

END.
